<?xml version="1.0" encoding="UTF-8"?>
<testsuite xmlns:xsi="http://www.w3.org/2001/XMLSchema-instance" xsi:noNamespaceSchemaLocation="https://maven.apache.org/surefire/maven-surefire-plugin/xsd/surefire-test-report.xsd" name="com.labe455.industry.speech.ui.SpeechUiSystemMonitorApplicationTests" time="2.007" tests="1" errors="0" skipped="0" failures="0">
  <properties>
    <property name="sun.desktop" value="gnome"/>
    <property name="awt.toolkit" value="sun.awt.X11.XToolkit"/>
    <property name="file.encoding.pkg" value="sun.io"/>
    <property name="java.specification.version" value="1.8"/>
    <property name="sun.cpu.isalist" value=""/>
    <property name="sun.jnu.encoding" value="UTF-8"/>
    <property name="java.class.path" value="/home/labe455/eclipse-workspace/SpeechUI-System-Monitor/Backend/target/test-classes:/home/labe455/eclipse-workspace/SpeechUI-System-Monitor/Backend/target/classes:/home/labe455/.m2/repository/org/springframework/boot/spring-boot-starter-web/2.1.9.RELEASE/spring-boot-starter-web-2.1.9.RELEASE.jar:/home/labe455/.m2/repository/org/springframework/boot/spring-boot-starter/2.1.9.RELEASE/spring-boot-starter-2.1.9.RELEASE.jar:/home/labe455/.m2/repository/org/springframework/boot/spring-boot-starter-logging/2.1.9.RELEASE/spring-boot-starter-logging-2.1.9.RELEASE.jar:/home/labe455/.m2/repository/ch/qos/logback/logback-classic/1.2.3/logback-classic-1.2.3.jar:/home/labe455/.m2/repository/ch/qos/logback/logback-core/1.2.3/logback-core-1.2.3.jar:/home/labe455/.m2/repository/org/apache/logging/log4j/log4j-to-slf4j/2.11.2/log4j-to-slf4j-2.11.2.jar:/home/labe455/.m2/repository/org/apache/logging/log4j/log4j-api/2.11.2/log4j-api-2.11.2.jar:/home/labe455/.m2/repository/org/slf4j/jul-to-slf4j/1.7.28/jul-to-slf4j-1.7.28.jar:/home/labe455/.m2/repository/javax/annotation/javax.annotation-api/1.3.2/javax.annotation-api-1.3.2.jar:/home/labe455/.m2/repository/org/yaml/snakeyaml/1.23/snakeyaml-1.23.jar:/home/labe455/.m2/repository/org/springframework/boot/spring-boot-starter-json/2.1.9.RELEASE/spring-boot-starter-json-2.1.9.RELEASE.jar:/home/labe455/.m2/repository/com/fasterxml/jackson/core/jackson-databind/2.9.9.3/jackson-databind-2.9.9.3.jar:/home/labe455/.m2/repository/com/fasterxml/jackson/core/jackson-annotations/2.9.0/jackson-annotations-2.9.0.jar:/home/labe455/.m2/repository/com/fasterxml/jackson/core/jackson-core/2.9.9/jackson-core-2.9.9.jar:/home/labe455/.m2/repository/com/fasterxml/jackson/datatype/jackson-datatype-jdk8/2.9.9/jackson-datatype-jdk8-2.9.9.jar:/home/labe455/.m2/repository/com/fasterxml/jackson/datatype/jackson-datatype-jsr310/2.9.9/jackson-datatype-jsr310-2.9.9.jar:/home/labe455/.m2/repository/com/fasterxml/jackson/module/jackson-module-parameter-names/2.9.9/jackson-module-parameter-names-2.9.9.jar:/home/labe455/.m2/repository/org/springframework/boot/spring-boot-starter-tomcat/2.1.9.RELEASE/spring-boot-starter-tomcat-2.1.9.RELEASE.jar:/home/labe455/.m2/repository/org/apache/tomcat/embed/tomcat-embed-core/8.0.53/tomcat-embed-core-8.0.53.jar:/home/labe455/.m2/repository/org/hibernate/validator/hibernate-validator/6.0.17.Final/hibernate-validator-6.0.17.Final.jar:/home/labe455/.m2/repository/javax/validation/validation-api/2.0.1.Final/validation-api-2.0.1.Final.jar:/home/labe455/.m2/repository/org/jboss/logging/jboss-logging/3.3.3.Final/jboss-logging-3.3.3.Final.jar:/home/labe455/.m2/repository/com/fasterxml/classmate/1.4.0/classmate-1.4.0.jar:/home/labe455/.m2/repository/org/springframework/spring-web/5.1.10.RELEASE/spring-web-5.1.10.RELEASE.jar:/home/labe455/.m2/repository/org/springframework/spring-beans/5.1.10.RELEASE/spring-beans-5.1.10.RELEASE.jar:/home/labe455/.m2/repository/org/springframework/spring-webmvc/5.1.10.RELEASE/spring-webmvc-5.1.10.RELEASE.jar:/home/labe455/.m2/repository/org/springframework/spring-aop/5.1.10.RELEASE/spring-aop-5.1.10.RELEASE.jar:/home/labe455/.m2/repository/org/springframework/spring-context/5.1.10.RELEASE/spring-context-5.1.10.RELEASE.jar:/home/labe455/.m2/repository/org/springframework/spring-expression/5.1.10.RELEASE/spring-expression-5.1.10.RELEASE.jar:/home/labe455/.m2/repository/org/springframework/boot/spring-boot-starter-websocket/2.1.9.RELEASE/spring-boot-starter-websocket-2.1.9.RELEASE.jar:/home/labe455/.m2/repository/org/springframework/spring-messaging/5.1.10.RELEASE/spring-messaging-5.1.10.RELEASE.jar:/home/labe455/.m2/repository/org/springframework/spring-websocket/5.1.10.RELEASE/spring-websocket-5.1.10.RELEASE.jar:/home/labe455/.m2/repository/org/springframework/boot/spring-boot-starter-jetty/2.1.9.RELEASE/spring-boot-starter-jetty-2.1.9.RELEASE.jar:/home/labe455/.m2/repository/org/eclipse/jetty/jetty-servlets/9.4.19.v20190610/jetty-servlets-9.4.19.v20190610.jar:/home/labe455/.m2/repository/org/eclipse/jetty/jetty-continuation/9.4.19.v20190610/jetty-continuation-9.4.19.v20190610.jar:/home/labe455/.m2/repository/org/eclipse/jetty/jetty-http/9.4.19.v20190610/jetty-http-9.4.19.v20190610.jar:/home/labe455/.m2/repository/org/eclipse/jetty/jetty-util/9.4.19.v20190610/jetty-util-9.4.19.v20190610.jar:/home/labe455/.m2/repository/org/eclipse/jetty/jetty-io/9.4.19.v20190610/jetty-io-9.4.19.v20190610.jar:/home/labe455/.m2/repository/org/eclipse/jetty/jetty-webapp/9.4.19.v20190610/jetty-webapp-9.4.19.v20190610.jar:/home/labe455/.m2/repository/org/eclipse/jetty/jetty-xml/9.4.19.v20190610/jetty-xml-9.4.19.v20190610.jar:/home/labe455/.m2/repository/org/eclipse/jetty/jetty-servlet/9.4.19.v20190610/jetty-servlet-9.4.19.v20190610.jar:/home/labe455/.m2/repository/org/eclipse/jetty/jetty-security/9.4.19.v20190610/jetty-security-9.4.19.v20190610.jar:/home/labe455/.m2/repository/org/eclipse/jetty/jetty-server/9.4.19.v20190610/jetty-server-9.4.19.v20190610.jar:/home/labe455/.m2/repository/org/eclipse/jetty/websocket/websocket-server/9.4.19.v20190610/websocket-server-9.4.19.v20190610.jar:/home/labe455/.m2/repository/org/eclipse/jetty/websocket/websocket-common/9.4.19.v20190610/websocket-common-9.4.19.v20190610.jar:/home/labe455/.m2/repository/org/eclipse/jetty/websocket/websocket-api/9.4.19.v20190610/websocket-api-9.4.19.v20190610.jar:/home/labe455/.m2/repository/org/eclipse/jetty/websocket/websocket-client/9.4.19.v20190610/websocket-client-9.4.19.v20190610.jar:/home/labe455/.m2/repository/org/eclipse/jetty/jetty-client/9.4.19.v20190610/jetty-client-9.4.19.v20190610.jar:/home/labe455/.m2/repository/org/eclipse/jetty/websocket/websocket-servlet/9.4.19.v20190610/websocket-servlet-9.4.19.v20190610.jar:/home/labe455/.m2/repository/javax/servlet/javax.servlet-api/4.0.1/javax.servlet-api-4.0.1.jar:/home/labe455/.m2/repository/org/eclipse/jetty/websocket/javax-websocket-server-impl/9.4.19.v20190610/javax-websocket-server-impl-9.4.19.v20190610.jar:/home/labe455/.m2/repository/org/eclipse/jetty/jetty-annotations/9.4.19.v20190610/jetty-annotations-9.4.19.v20190610.jar:/home/labe455/.m2/repository/org/eclipse/jetty/jetty-plus/9.4.19.v20190610/jetty-plus-9.4.19.v20190610.jar:/home/labe455/.m2/repository/org/ow2/asm/asm/7.1/asm-7.1.jar:/home/labe455/.m2/repository/org/ow2/asm/asm-commons/7.1/asm-commons-7.1.jar:/home/labe455/.m2/repository/org/ow2/asm/asm-tree/7.1/asm-tree-7.1.jar:/home/labe455/.m2/repository/org/ow2/asm/asm-analysis/7.1/asm-analysis-7.1.jar:/home/labe455/.m2/repository/org/eclipse/jetty/websocket/javax-websocket-client-impl/9.4.19.v20190610/javax-websocket-client-impl-9.4.19.v20190610.jar:/home/labe455/.m2/repository/javax/websocket/javax.websocket-api/1.1/javax.websocket-api-1.1.jar:/home/labe455/.m2/repository/org/mortbay/jasper/apache-el/8.5.40/apache-el-8.5.40.jar:/home/labe455/.m2/repository/org/springframework/boot/spring-boot-devtools/2.1.9.RELEASE/spring-boot-devtools-2.1.9.RELEASE.jar:/home/labe455/.m2/repository/org/springframework/boot/spring-boot/2.1.9.RELEASE/spring-boot-2.1.9.RELEASE.jar:/home/labe455/.m2/repository/org/springframework/boot/spring-boot-autoconfigure/2.1.9.RELEASE/spring-boot-autoconfigure-2.1.9.RELEASE.jar:/home/labe455/.m2/repository/org/springframework/boot/spring-boot-starter-test/2.1.9.RELEASE/spring-boot-starter-test-2.1.9.RELEASE.jar:/home/labe455/.m2/repository/org/springframework/boot/spring-boot-test/2.1.9.RELEASE/spring-boot-test-2.1.9.RELEASE.jar:/home/labe455/.m2/repository/org/springframework/boot/spring-boot-test-autoconfigure/2.1.9.RELEASE/spring-boot-test-autoconfigure-2.1.9.RELEASE.jar:/home/labe455/.m2/repository/com/jayway/jsonpath/json-path/2.4.0/json-path-2.4.0.jar:/home/labe455/.m2/repository/net/minidev/json-smart/2.3/json-smart-2.3.jar:/home/labe455/.m2/repository/net/minidev/accessors-smart/1.2/accessors-smart-1.2.jar:/home/labe455/.m2/repository/org/slf4j/slf4j-api/1.7.28/slf4j-api-1.7.28.jar:/home/labe455/.m2/repository/junit/junit/4.12/junit-4.12.jar:/home/labe455/.m2/repository/org/assertj/assertj-core/3.11.1/assertj-core-3.11.1.jar:/home/labe455/.m2/repository/org/mockito/mockito-core/2.23.4/mockito-core-2.23.4.jar:/home/labe455/.m2/repository/net/bytebuddy/byte-buddy/1.9.16/byte-buddy-1.9.16.jar:/home/labe455/.m2/repository/net/bytebuddy/byte-buddy-agent/1.9.16/byte-buddy-agent-1.9.16.jar:/home/labe455/.m2/repository/org/objenesis/objenesis/2.6/objenesis-2.6.jar:/home/labe455/.m2/repository/org/hamcrest/hamcrest-core/1.3/hamcrest-core-1.3.jar:/home/labe455/.m2/repository/org/hamcrest/hamcrest-library/1.3/hamcrest-library-1.3.jar:/home/labe455/.m2/repository/org/skyscreamer/jsonassert/1.5.0/jsonassert-1.5.0.jar:/home/labe455/.m2/repository/com/vaadin/external/google/android-json/0.0.20131108.vaadin1/android-json-0.0.20131108.vaadin1.jar:/home/labe455/.m2/repository/org/springframework/spring-core/5.1.10.RELEASE/spring-core-5.1.10.RELEASE.jar:/home/labe455/.m2/repository/org/springframework/spring-jcl/5.1.10.RELEASE/spring-jcl-5.1.10.RELEASE.jar:/home/labe455/.m2/repository/org/springframework/spring-test/5.1.10.RELEASE/spring-test-5.1.10.RELEASE.jar:/home/labe455/.m2/repository/org/xmlunit/xmlunit-core/2.6.3/xmlunit-core-2.6.3.jar:/home/labe455/.m2/repository/com/google/cloud/google-cloud-speech/1.13.0/google-cloud-speech-1.13.0.jar:/home/labe455/.m2/repository/com/google/cloud/google-cloud-core-grpc/1.83.0/google-cloud-core-grpc-1.83.0.jar:/home/labe455/.m2/repository/com/google/auth/google-auth-library-credentials/0.16.2/google-auth-library-credentials-0.16.2.jar:/home/labe455/.m2/repository/com/google/cloud/google-cloud-core/1.83.0/google-cloud-core-1.83.0.jar:/home/labe455/.m2/repository/com/google/http-client/google-http-client/1.30.1/google-http-client-1.30.1.jar:/home/labe455/.m2/repository/org/apache/httpcomponents/httpclient/4.5.10/httpclient-4.5.10.jar:/home/labe455/.m2/repository/org/apache/httpcomponents/httpcore/4.4.12/httpcore-4.4.12.jar:/home/labe455/.m2/repository/commons-codec/commons-codec/1.11/commons-codec-1.11.jar:/home/labe455/.m2/repository/io/opencensus/opencensus-api/0.21.0/opencensus-api-0.21.0.jar:/home/labe455/.m2/repository/io/grpc/grpc-context/1.19.0/grpc-context-1.19.0.jar:/home/labe455/.m2/repository/io/opencensus/opencensus-contrib-http-util/0.21.0/opencensus-contrib-http-util-0.21.0.jar:/home/labe455/.m2/repository/com/google/code/findbugs/jsr305/3.0.2/jsr305-3.0.2.jar:/home/labe455/.m2/repository/com/google/api/gax/1.47.1/gax-1.47.1.jar:/home/labe455/.m2/repository/com/google/protobuf/protobuf-java-util/3.7.1/protobuf-java-util-3.7.1.jar:/home/labe455/.m2/repository/com/google/code/gson/gson/2.8.5/gson-2.8.5.jar:/home/labe455/.m2/repository/com/google/api/grpc/proto-google-iam-v1/0.12.0/proto-google-iam-v1-0.12.0.jar:/home/labe455/.m2/repository/com/google/guava/guava/28.0-android/guava-28.0-android.jar:/home/labe455/.m2/repository/com/google/guava/failureaccess/1.0.1/failureaccess-1.0.1.jar:/home/labe455/.m2/repository/com/google/guava/listenablefuture/9999.0-empty-to-avoid-conflict-with-guava/listenablefuture-9999.0-empty-to-avoid-conflict-with-guava.jar:/home/labe455/.m2/repository/org/checkerframework/checker-compat-qual/2.5.5/checker-compat-qual-2.5.5.jar:/home/labe455/.m2/repository/com/google/errorprone/error_prone_annotations/2.3.2/error_prone_annotations-2.3.2.jar:/home/labe455/.m2/repository/com/google/j2objc/j2objc-annotations/1.3/j2objc-annotations-1.3.jar:/home/labe455/.m2/repository/org/codehaus/mojo/animal-sniffer-annotations/1.17/animal-sniffer-annotations-1.17.jar:/home/labe455/.m2/repository/com/google/api/gax-grpc/1.47.1/gax-grpc-1.47.1.jar:/home/labe455/.m2/repository/io/grpc/grpc-stub/1.21.0/grpc-stub-1.21.0.jar:/home/labe455/.m2/repository/io/grpc/grpc-api/1.21.0/grpc-api-1.21.0.jar:/home/labe455/.m2/repository/io/grpc/grpc-auth/1.21.0/grpc-auth-1.21.0.jar:/home/labe455/.m2/repository/io/grpc/grpc-protobuf/1.21.0/grpc-protobuf-1.21.0.jar:/home/labe455/.m2/repository/io/grpc/grpc-protobuf-lite/1.21.0/grpc-protobuf-lite-1.21.0.jar:/home/labe455/.m2/repository/org/threeten/threetenbp/1.3.3/threetenbp-1.3.3.jar:/home/labe455/.m2/repository/com/google/auth/google-auth-library-oauth2-http/0.16.2/google-auth-library-oauth2-http-0.16.2.jar:/home/labe455/.m2/repository/com/google/http-client/google-http-client-jackson2/1.30.1/google-http-client-jackson2-1.30.1.jar:/home/labe455/.m2/repository/io/grpc/grpc-netty-shaded/1.21.0/grpc-netty-shaded-1.21.0.jar:/home/labe455/.m2/repository/io/grpc/grpc-core/1.21.0/grpc-core-1.21.0.jar:/home/labe455/.m2/repository/com/google/android/annotations/4.1.1.4/annotations-4.1.1.4.jar:/home/labe455/.m2/repository/io/opencensus/opencensus-contrib-grpc-metrics/0.21.0/opencensus-contrib-grpc-metrics-0.21.0.jar:/home/labe455/.m2/repository/io/grpc/grpc-alts/1.21.0/grpc-alts-1.21.0.jar:/home/labe455/.m2/repository/io/grpc/grpc-grpclb/1.21.0/grpc-grpclb-1.21.0.jar:/home/labe455/.m2/repository/org/apache/commons/commons-lang3/3.8.1/commons-lang3-3.8.1.jar:/home/labe455/.m2/repository/com/google/api/grpc/proto-google-cloud-speech-v1p1beta1/0.66.0/proto-google-cloud-speech-v1p1beta1-0.66.0.jar:/home/labe455/.m2/repository/com/google/protobuf/protobuf-java/3.7.1/protobuf-java-3.7.1.jar:/home/labe455/.m2/repository/com/google/api/grpc/proto-google-common-protos/1.16.0/proto-google-common-protos-1.16.0.jar:/home/labe455/.m2/repository/com/google/api/grpc/proto-google-cloud-speech-v1/1.13.0/proto-google-cloud-speech-v1-1.13.0.jar:/home/labe455/.m2/repository/commons-fileupload/commons-fileupload/1.2.1/commons-fileupload-1.2.1.jar:/home/labe455/.m2/repository/commons-io/commons-io/2.4/commons-io-2.4.jar:/home/labe455/.m2/repository/com/google/cloud/google-cloud-texttospeech/0.101.0-beta/google-cloud-texttospeech-0.101.0-beta.jar:/home/labe455/.m2/repository/com/google/api/grpc/proto-google-cloud-texttospeech-v1beta1/0.66.0/proto-google-cloud-texttospeech-v1beta1-0.66.0.jar:/home/labe455/.m2/repository/com/google/api/api-common/1.8.1/api-common-1.8.1.jar:/home/labe455/.m2/repository/com/google/api/grpc/proto-google-cloud-texttospeech-v1/0.66.0/proto-google-cloud-texttospeech-v1-0.66.0.jar:"/>
    <property name="java.vm.vendor" value="Private Build"/>
    <property name="sun.arch.data.model" value="64"/>
    <property name="java.vendor.url" value="http://java.oracle.com/"/>
    <property name="user.timezone" value=""/>
    <property name="java.vm.specification.version" value="1.8"/>
    <property name="os.name" value="Linux"/>
    <property name="user.country" value="MX"/>
    <property name="sun.java.launcher" value="SUN_STANDARD"/>
    <property name="sun.boot.library.path" value="/usr/lib/jvm/java-8-openjdk-amd64/jre/lib/amd64"/>
    <property name="sun.java.command" value="/home/labe455/eclipse-workspace/SpeechUI-System-Monitor/Backend/target/surefire/surefirebooter7079956541726058213.jar /home/labe455/eclipse-workspace/SpeechUI-System-Monitor/Backend/target/surefire 2019-10-21T20-25-48_311-jvmRun1 surefire4034661061961930415tmp surefire_05790623985810664201tmp"/>
    <property name="surefire.test.class.path" value="/home/labe455/eclipse-workspace/SpeechUI-System-Monitor/Backend/target/test-classes:/home/labe455/eclipse-workspace/SpeechUI-System-Monitor/Backend/target/classes:/home/labe455/.m2/repository/org/springframework/boot/spring-boot-starter-web/2.1.9.RELEASE/spring-boot-starter-web-2.1.9.RELEASE.jar:/home/labe455/.m2/repository/org/springframework/boot/spring-boot-starter/2.1.9.RELEASE/spring-boot-starter-2.1.9.RELEASE.jar:/home/labe455/.m2/repository/org/springframework/boot/spring-boot-starter-logging/2.1.9.RELEASE/spring-boot-starter-logging-2.1.9.RELEASE.jar:/home/labe455/.m2/repository/ch/qos/logback/logback-classic/1.2.3/logback-classic-1.2.3.jar:/home/labe455/.m2/repository/ch/qos/logback/logback-core/1.2.3/logback-core-1.2.3.jar:/home/labe455/.m2/repository/org/apache/logging/log4j/log4j-to-slf4j/2.11.2/log4j-to-slf4j-2.11.2.jar:/home/labe455/.m2/repository/org/apache/logging/log4j/log4j-api/2.11.2/log4j-api-2.11.2.jar:/home/labe455/.m2/repository/org/slf4j/jul-to-slf4j/1.7.28/jul-to-slf4j-1.7.28.jar:/home/labe455/.m2/repository/javax/annotation/javax.annotation-api/1.3.2/javax.annotation-api-1.3.2.jar:/home/labe455/.m2/repository/org/yaml/snakeyaml/1.23/snakeyaml-1.23.jar:/home/labe455/.m2/repository/org/springframework/boot/spring-boot-starter-json/2.1.9.RELEASE/spring-boot-starter-json-2.1.9.RELEASE.jar:/home/labe455/.m2/repository/com/fasterxml/jackson/core/jackson-databind/2.9.9.3/jackson-databind-2.9.9.3.jar:/home/labe455/.m2/repository/com/fasterxml/jackson/core/jackson-annotations/2.9.0/jackson-annotations-2.9.0.jar:/home/labe455/.m2/repository/com/fasterxml/jackson/core/jackson-core/2.9.9/jackson-core-2.9.9.jar:/home/labe455/.m2/repository/com/fasterxml/jackson/datatype/jackson-datatype-jdk8/2.9.9/jackson-datatype-jdk8-2.9.9.jar:/home/labe455/.m2/repository/com/fasterxml/jackson/datatype/jackson-datatype-jsr310/2.9.9/jackson-datatype-jsr310-2.9.9.jar:/home/labe455/.m2/repository/com/fasterxml/jackson/module/jackson-module-parameter-names/2.9.9/jackson-module-parameter-names-2.9.9.jar:/home/labe455/.m2/repository/org/springframework/boot/spring-boot-starter-tomcat/2.1.9.RELEASE/spring-boot-starter-tomcat-2.1.9.RELEASE.jar:/home/labe455/.m2/repository/org/apache/tomcat/embed/tomcat-embed-core/8.0.53/tomcat-embed-core-8.0.53.jar:/home/labe455/.m2/repository/org/hibernate/validator/hibernate-validator/6.0.17.Final/hibernate-validator-6.0.17.Final.jar:/home/labe455/.m2/repository/javax/validation/validation-api/2.0.1.Final/validation-api-2.0.1.Final.jar:/home/labe455/.m2/repository/org/jboss/logging/jboss-logging/3.3.3.Final/jboss-logging-3.3.3.Final.jar:/home/labe455/.m2/repository/com/fasterxml/classmate/1.4.0/classmate-1.4.0.jar:/home/labe455/.m2/repository/org/springframework/spring-web/5.1.10.RELEASE/spring-web-5.1.10.RELEASE.jar:/home/labe455/.m2/repository/org/springframework/spring-beans/5.1.10.RELEASE/spring-beans-5.1.10.RELEASE.jar:/home/labe455/.m2/repository/org/springframework/spring-webmvc/5.1.10.RELEASE/spring-webmvc-5.1.10.RELEASE.jar:/home/labe455/.m2/repository/org/springframework/spring-aop/5.1.10.RELEASE/spring-aop-5.1.10.RELEASE.jar:/home/labe455/.m2/repository/org/springframework/spring-context/5.1.10.RELEASE/spring-context-5.1.10.RELEASE.jar:/home/labe455/.m2/repository/org/springframework/spring-expression/5.1.10.RELEASE/spring-expression-5.1.10.RELEASE.jar:/home/labe455/.m2/repository/org/springframework/boot/spring-boot-starter-websocket/2.1.9.RELEASE/spring-boot-starter-websocket-2.1.9.RELEASE.jar:/home/labe455/.m2/repository/org/springframework/spring-messaging/5.1.10.RELEASE/spring-messaging-5.1.10.RELEASE.jar:/home/labe455/.m2/repository/org/springframework/spring-websocket/5.1.10.RELEASE/spring-websocket-5.1.10.RELEASE.jar:/home/labe455/.m2/repository/org/springframework/boot/spring-boot-starter-jetty/2.1.9.RELEASE/spring-boot-starter-jetty-2.1.9.RELEASE.jar:/home/labe455/.m2/repository/org/eclipse/jetty/jetty-servlets/9.4.19.v20190610/jetty-servlets-9.4.19.v20190610.jar:/home/labe455/.m2/repository/org/eclipse/jetty/jetty-continuation/9.4.19.v20190610/jetty-continuation-9.4.19.v20190610.jar:/home/labe455/.m2/repository/org/eclipse/jetty/jetty-http/9.4.19.v20190610/jetty-http-9.4.19.v20190610.jar:/home/labe455/.m2/repository/org/eclipse/jetty/jetty-util/9.4.19.v20190610/jetty-util-9.4.19.v20190610.jar:/home/labe455/.m2/repository/org/eclipse/jetty/jetty-io/9.4.19.v20190610/jetty-io-9.4.19.v20190610.jar:/home/labe455/.m2/repository/org/eclipse/jetty/jetty-webapp/9.4.19.v20190610/jetty-webapp-9.4.19.v20190610.jar:/home/labe455/.m2/repository/org/eclipse/jetty/jetty-xml/9.4.19.v20190610/jetty-xml-9.4.19.v20190610.jar:/home/labe455/.m2/repository/org/eclipse/jetty/jetty-servlet/9.4.19.v20190610/jetty-servlet-9.4.19.v20190610.jar:/home/labe455/.m2/repository/org/eclipse/jetty/jetty-security/9.4.19.v20190610/jetty-security-9.4.19.v20190610.jar:/home/labe455/.m2/repository/org/eclipse/jetty/jetty-server/9.4.19.v20190610/jetty-server-9.4.19.v20190610.jar:/home/labe455/.m2/repository/org/eclipse/jetty/websocket/websocket-server/9.4.19.v20190610/websocket-server-9.4.19.v20190610.jar:/home/labe455/.m2/repository/org/eclipse/jetty/websocket/websocket-common/9.4.19.v20190610/websocket-common-9.4.19.v20190610.jar:/home/labe455/.m2/repository/org/eclipse/jetty/websocket/websocket-api/9.4.19.v20190610/websocket-api-9.4.19.v20190610.jar:/home/labe455/.m2/repository/org/eclipse/jetty/websocket/websocket-client/9.4.19.v20190610/websocket-client-9.4.19.v20190610.jar:/home/labe455/.m2/repository/org/eclipse/jetty/jetty-client/9.4.19.v20190610/jetty-client-9.4.19.v20190610.jar:/home/labe455/.m2/repository/org/eclipse/jetty/websocket/websocket-servlet/9.4.19.v20190610/websocket-servlet-9.4.19.v20190610.jar:/home/labe455/.m2/repository/javax/servlet/javax.servlet-api/4.0.1/javax.servlet-api-4.0.1.jar:/home/labe455/.m2/repository/org/eclipse/jetty/websocket/javax-websocket-server-impl/9.4.19.v20190610/javax-websocket-server-impl-9.4.19.v20190610.jar:/home/labe455/.m2/repository/org/eclipse/jetty/jetty-annotations/9.4.19.v20190610/jetty-annotations-9.4.19.v20190610.jar:/home/labe455/.m2/repository/org/eclipse/jetty/jetty-plus/9.4.19.v20190610/jetty-plus-9.4.19.v20190610.jar:/home/labe455/.m2/repository/org/ow2/asm/asm/7.1/asm-7.1.jar:/home/labe455/.m2/repository/org/ow2/asm/asm-commons/7.1/asm-commons-7.1.jar:/home/labe455/.m2/repository/org/ow2/asm/asm-tree/7.1/asm-tree-7.1.jar:/home/labe455/.m2/repository/org/ow2/asm/asm-analysis/7.1/asm-analysis-7.1.jar:/home/labe455/.m2/repository/org/eclipse/jetty/websocket/javax-websocket-client-impl/9.4.19.v20190610/javax-websocket-client-impl-9.4.19.v20190610.jar:/home/labe455/.m2/repository/javax/websocket/javax.websocket-api/1.1/javax.websocket-api-1.1.jar:/home/labe455/.m2/repository/org/mortbay/jasper/apache-el/8.5.40/apache-el-8.5.40.jar:/home/labe455/.m2/repository/org/springframework/boot/spring-boot-devtools/2.1.9.RELEASE/spring-boot-devtools-2.1.9.RELEASE.jar:/home/labe455/.m2/repository/org/springframework/boot/spring-boot/2.1.9.RELEASE/spring-boot-2.1.9.RELEASE.jar:/home/labe455/.m2/repository/org/springframework/boot/spring-boot-autoconfigure/2.1.9.RELEASE/spring-boot-autoconfigure-2.1.9.RELEASE.jar:/home/labe455/.m2/repository/org/springframework/boot/spring-boot-starter-test/2.1.9.RELEASE/spring-boot-starter-test-2.1.9.RELEASE.jar:/home/labe455/.m2/repository/org/springframework/boot/spring-boot-test/2.1.9.RELEASE/spring-boot-test-2.1.9.RELEASE.jar:/home/labe455/.m2/repository/org/springframework/boot/spring-boot-test-autoconfigure/2.1.9.RELEASE/spring-boot-test-autoconfigure-2.1.9.RELEASE.jar:/home/labe455/.m2/repository/com/jayway/jsonpath/json-path/2.4.0/json-path-2.4.0.jar:/home/labe455/.m2/repository/net/minidev/json-smart/2.3/json-smart-2.3.jar:/home/labe455/.m2/repository/net/minidev/accessors-smart/1.2/accessors-smart-1.2.jar:/home/labe455/.m2/repository/org/slf4j/slf4j-api/1.7.28/slf4j-api-1.7.28.jar:/home/labe455/.m2/repository/junit/junit/4.12/junit-4.12.jar:/home/labe455/.m2/repository/org/assertj/assertj-core/3.11.1/assertj-core-3.11.1.jar:/home/labe455/.m2/repository/org/mockito/mockito-core/2.23.4/mockito-core-2.23.4.jar:/home/labe455/.m2/repository/net/bytebuddy/byte-buddy/1.9.16/byte-buddy-1.9.16.jar:/home/labe455/.m2/repository/net/bytebuddy/byte-buddy-agent/1.9.16/byte-buddy-agent-1.9.16.jar:/home/labe455/.m2/repository/org/objenesis/objenesis/2.6/objenesis-2.6.jar:/home/labe455/.m2/repository/org/hamcrest/hamcrest-core/1.3/hamcrest-core-1.3.jar:/home/labe455/.m2/repository/org/hamcrest/hamcrest-library/1.3/hamcrest-library-1.3.jar:/home/labe455/.m2/repository/org/skyscreamer/jsonassert/1.5.0/jsonassert-1.5.0.jar:/home/labe455/.m2/repository/com/vaadin/external/google/android-json/0.0.20131108.vaadin1/android-json-0.0.20131108.vaadin1.jar:/home/labe455/.m2/repository/org/springframework/spring-core/5.1.10.RELEASE/spring-core-5.1.10.RELEASE.jar:/home/labe455/.m2/repository/org/springframework/spring-jcl/5.1.10.RELEASE/spring-jcl-5.1.10.RELEASE.jar:/home/labe455/.m2/repository/org/springframework/spring-test/5.1.10.RELEASE/spring-test-5.1.10.RELEASE.jar:/home/labe455/.m2/repository/org/xmlunit/xmlunit-core/2.6.3/xmlunit-core-2.6.3.jar:/home/labe455/.m2/repository/com/google/cloud/google-cloud-speech/1.13.0/google-cloud-speech-1.13.0.jar:/home/labe455/.m2/repository/com/google/cloud/google-cloud-core-grpc/1.83.0/google-cloud-core-grpc-1.83.0.jar:/home/labe455/.m2/repository/com/google/auth/google-auth-library-credentials/0.16.2/google-auth-library-credentials-0.16.2.jar:/home/labe455/.m2/repository/com/google/cloud/google-cloud-core/1.83.0/google-cloud-core-1.83.0.jar:/home/labe455/.m2/repository/com/google/http-client/google-http-client/1.30.1/google-http-client-1.30.1.jar:/home/labe455/.m2/repository/org/apache/httpcomponents/httpclient/4.5.10/httpclient-4.5.10.jar:/home/labe455/.m2/repository/org/apache/httpcomponents/httpcore/4.4.12/httpcore-4.4.12.jar:/home/labe455/.m2/repository/commons-codec/commons-codec/1.11/commons-codec-1.11.jar:/home/labe455/.m2/repository/io/opencensus/opencensus-api/0.21.0/opencensus-api-0.21.0.jar:/home/labe455/.m2/repository/io/grpc/grpc-context/1.19.0/grpc-context-1.19.0.jar:/home/labe455/.m2/repository/io/opencensus/opencensus-contrib-http-util/0.21.0/opencensus-contrib-http-util-0.21.0.jar:/home/labe455/.m2/repository/com/google/code/findbugs/jsr305/3.0.2/jsr305-3.0.2.jar:/home/labe455/.m2/repository/com/google/api/gax/1.47.1/gax-1.47.1.jar:/home/labe455/.m2/repository/com/google/protobuf/protobuf-java-util/3.7.1/protobuf-java-util-3.7.1.jar:/home/labe455/.m2/repository/com/google/code/gson/gson/2.8.5/gson-2.8.5.jar:/home/labe455/.m2/repository/com/google/api/grpc/proto-google-iam-v1/0.12.0/proto-google-iam-v1-0.12.0.jar:/home/labe455/.m2/repository/com/google/guava/guava/28.0-android/guava-28.0-android.jar:/home/labe455/.m2/repository/com/google/guava/failureaccess/1.0.1/failureaccess-1.0.1.jar:/home/labe455/.m2/repository/com/google/guava/listenablefuture/9999.0-empty-to-avoid-conflict-with-guava/listenablefuture-9999.0-empty-to-avoid-conflict-with-guava.jar:/home/labe455/.m2/repository/org/checkerframework/checker-compat-qual/2.5.5/checker-compat-qual-2.5.5.jar:/home/labe455/.m2/repository/com/google/errorprone/error_prone_annotations/2.3.2/error_prone_annotations-2.3.2.jar:/home/labe455/.m2/repository/com/google/j2objc/j2objc-annotations/1.3/j2objc-annotations-1.3.jar:/home/labe455/.m2/repository/org/codehaus/mojo/animal-sniffer-annotations/1.17/animal-sniffer-annotations-1.17.jar:/home/labe455/.m2/repository/com/google/api/gax-grpc/1.47.1/gax-grpc-1.47.1.jar:/home/labe455/.m2/repository/io/grpc/grpc-stub/1.21.0/grpc-stub-1.21.0.jar:/home/labe455/.m2/repository/io/grpc/grpc-api/1.21.0/grpc-api-1.21.0.jar:/home/labe455/.m2/repository/io/grpc/grpc-auth/1.21.0/grpc-auth-1.21.0.jar:/home/labe455/.m2/repository/io/grpc/grpc-protobuf/1.21.0/grpc-protobuf-1.21.0.jar:/home/labe455/.m2/repository/io/grpc/grpc-protobuf-lite/1.21.0/grpc-protobuf-lite-1.21.0.jar:/home/labe455/.m2/repository/org/threeten/threetenbp/1.3.3/threetenbp-1.3.3.jar:/home/labe455/.m2/repository/com/google/auth/google-auth-library-oauth2-http/0.16.2/google-auth-library-oauth2-http-0.16.2.jar:/home/labe455/.m2/repository/com/google/http-client/google-http-client-jackson2/1.30.1/google-http-client-jackson2-1.30.1.jar:/home/labe455/.m2/repository/io/grpc/grpc-netty-shaded/1.21.0/grpc-netty-shaded-1.21.0.jar:/home/labe455/.m2/repository/io/grpc/grpc-core/1.21.0/grpc-core-1.21.0.jar:/home/labe455/.m2/repository/com/google/android/annotations/4.1.1.4/annotations-4.1.1.4.jar:/home/labe455/.m2/repository/io/opencensus/opencensus-contrib-grpc-metrics/0.21.0/opencensus-contrib-grpc-metrics-0.21.0.jar:/home/labe455/.m2/repository/io/grpc/grpc-alts/1.21.0/grpc-alts-1.21.0.jar:/home/labe455/.m2/repository/io/grpc/grpc-grpclb/1.21.0/grpc-grpclb-1.21.0.jar:/home/labe455/.m2/repository/org/apache/commons/commons-lang3/3.8.1/commons-lang3-3.8.1.jar:/home/labe455/.m2/repository/com/google/api/grpc/proto-google-cloud-speech-v1p1beta1/0.66.0/proto-google-cloud-speech-v1p1beta1-0.66.0.jar:/home/labe455/.m2/repository/com/google/protobuf/protobuf-java/3.7.1/protobuf-java-3.7.1.jar:/home/labe455/.m2/repository/com/google/api/grpc/proto-google-common-protos/1.16.0/proto-google-common-protos-1.16.0.jar:/home/labe455/.m2/repository/com/google/api/grpc/proto-google-cloud-speech-v1/1.13.0/proto-google-cloud-speech-v1-1.13.0.jar:/home/labe455/.m2/repository/commons-fileupload/commons-fileupload/1.2.1/commons-fileupload-1.2.1.jar:/home/labe455/.m2/repository/commons-io/commons-io/2.4/commons-io-2.4.jar:/home/labe455/.m2/repository/com/google/cloud/google-cloud-texttospeech/0.101.0-beta/google-cloud-texttospeech-0.101.0-beta.jar:/home/labe455/.m2/repository/com/google/api/grpc/proto-google-cloud-texttospeech-v1beta1/0.66.0/proto-google-cloud-texttospeech-v1beta1-0.66.0.jar:/home/labe455/.m2/repository/com/google/api/api-common/1.8.1/api-common-1.8.1.jar:/home/labe455/.m2/repository/com/google/api/grpc/proto-google-cloud-texttospeech-v1/0.66.0/proto-google-cloud-texttospeech-v1-0.66.0.jar:"/>
    <property name="sun.cpu.endian" value="little"/>
    <property name="user.home" value="/home/labe455"/>
    <property name="user.language" value="es"/>
    <property name="java.specification.vendor" value="Oracle Corporation"/>
    <property name="java.home" value="/usr/lib/jvm/java-8-openjdk-amd64/jre"/>
    <property name="basedir" value="/home/labe455/eclipse-workspace/SpeechUI-System-Monitor/Backend"/>
    <property name="file.separator" value="/"/>
    <property name="line.separator" value="&#10;"/>
    <property name="java.vm.specification.vendor" value="Oracle Corporation"/>
    <property name="java.specification.name" value="Java Platform API Specification"/>
    <property name="java.awt.graphicsenv" value="sun.awt.X11GraphicsEnvironment"/>
    <property name="surefire.real.class.path" value="/home/labe455/eclipse-workspace/SpeechUI-System-Monitor/Backend/target/surefire/surefirebooter7079956541726058213.jar"/>
    <property name="sun.boot.class.path" value="/usr/lib/jvm/java-8-openjdk-amd64/jre/lib/resources.jar:/usr/lib/jvm/java-8-openjdk-amd64/jre/lib/rt.jar:/usr/lib/jvm/java-8-openjdk-amd64/jre/lib/sunrsasign.jar:/usr/lib/jvm/java-8-openjdk-amd64/jre/lib/jsse.jar:/usr/lib/jvm/java-8-openjdk-amd64/jre/lib/jce.jar:/usr/lib/jvm/java-8-openjdk-amd64/jre/lib/charsets.jar:/usr/lib/jvm/java-8-openjdk-amd64/jre/lib/jfr.jar:/usr/lib/jvm/java-8-openjdk-amd64/jre/classes"/>
    <property name="sun.management.compiler" value="HotSpot 64-Bit Tiered Compilers"/>
    <property name="java.runtime.version" value="1.8.0_222-8u222-b10-1ubuntu1~18.04.1-b10"/>
    <property name="user.name" value="labe455"/>
    <property name="path.separator" value=":"/>
    <property name="os.version" value="5.0.0-31-generic"/>
    <property name="java.endorsed.dirs" value="/usr/lib/jvm/java-8-openjdk-amd64/jre/lib/endorsed"/>
    <property name="java.runtime.name" value="OpenJDK Runtime Environment"/>
    <property name="file.encoding" value="UTF-8"/>
    <property name="java.vm.name" value="OpenJDK 64-Bit Server VM"/>
    <property name="localRepository" value="/home/labe455/.m2/repository"/>
    <property name="java.vendor.url.bug" value="http://bugreport.sun.com/bugreport/"/>
    <property name="java.io.tmpdir" value="/tmp"/>
    <property name="java.version" value="1.8.0_222"/>
    <property name="user.dir" value="/home/labe455/eclipse-workspace/SpeechUI-System-Monitor/Backend"/>
    <property name="os.arch" value="amd64"/>
    <property name="java.vm.specification.name" value="Java Virtual Machine Specification"/>
    <property name="java.awt.printerjob" value="sun.print.PSPrinterJob"/>
    <property name="sun.os.patch.level" value="unknown"/>
    <property name="java.library.path" value="/usr/java/packages/lib/amd64:/usr/lib/x86_64-linux-gnu/jni:/lib/x86_64-linux-gnu:/usr/lib/x86_64-linux-gnu:/usr/lib/jni:/lib:/usr/lib"/>
    <property name="java.vm.info" value="mixed mode"/>
    <property name="java.vendor" value="Private Build"/>
    <property name="java.vm.version" value="25.222-b10"/>
    <property name="java.ext.dirs" value="/usr/lib/jvm/java-8-openjdk-amd64/jre/lib/ext:/usr/java/packages/lib/ext"/>
    <property name="sun.io.unicode.encoding" value="UnicodeLittle"/>
    <property name="java.class.version" value="52.0"/>
  </properties>
  <testcase name="contextLoads" classname="com.labe455.industry.speech.ui.SpeechUiSystemMonitorApplicationTests" time="0.141"/>
</testsuite>